<?xml version="1.0" encoding="UTF-8"?>
<!-- Generated by org.testng.reporters.JUnitReportReporter -->
<testsuite hostname="LAPTOP-HRQAA664" failures="0" tests="3" name="test.LoanTest" time="0.015" errors="0" timestamp="2022-09-03T22:54:24 CDT" skipped="0">
  <testcase classname="test.LoanTest" name="PersonalLoanTest1" time="0.004"/>
  <system-out/>
  <testcase classname="test.LoanTest" name="PersonalLoanTest" time="0.006"/>
  <system-out/>
  <testcase classname="test.LoanTest" name="HomeLoanTest" time="0.005"/>
  <system-out/>
</testsuite> <!-- test.LoanTest -->
