<?xml version="1.0" encoding="UTF-8"?>
<!-- Generated by org.testng.reporters.JUnitReportReporter -->
<testsuite hostname="LAPTOP-HRQAA664" failures="0" tests="1" name="test.CardTest" time="0.005" errors="0" timestamp="2022-09-03T02:34:04 CDT" skipped="0">
  <testcase classname="test.CardTest" name="CCTest" time="0.005"/>
  <system-out/>
</testsuite> <!-- test.CardTest -->
