<?xml version="1.0" encoding="UTF-8"?>
<!-- Generated by org.testng.reporters.JUnitReportReporter -->
<testsuite hostname="LAPTOP-HRQAA664" failures="0" tests="1" name="restAPIBDD.GetRequest" time="5.341" errors="0" timestamp="04 Dec 2022 06:53:13 GMT" skipped="0">
  <testcase classname="restAPIBDD.GetRequest" name="test3" time="5.341"/>
</testsuite> <!-- restAPIBDD.GetRequest -->
