<?xml version="1.0" encoding="UTF-8"?>
<!-- Generated by org.testng.reporters.JUnitReportReporter -->
<testsuite hostname="LAPTOP-HRQAA664" failures="0" tests="1" name="restAPIXML.XMLExample" time="3.802" errors="0" timestamp="04 Dec 2022 05:18:17 GMT" skipped="0">
  <testcase classname="restAPIXML.XMLExample" name="Test1" time="3.802"/>
</testsuite> <!-- restAPIXML.XMLExample -->
