<?xml version="1.0" encoding="UTF-8"?>
<!-- Generated by org.testng.reporters.JUnitReportReporter -->
<testsuite hostname="LAPTOP-HRQAA664" failures="0" tests="1" name="restAPIBDD.PostRequest" time="4.669" errors="0" timestamp="04 Dec 2022 06:41:36 GMT" skipped="0">
  <testcase classname="restAPIBDD.PostRequest" name="test1" time="4.669"/>
</testsuite> <!-- restAPIBDD.PostRequest -->
