<?xml version="1.0" encoding="UTF-8"?>
<!-- Generated by org.testng.reporters.JUnitReportReporter -->
<testsuite hostname="LAPTOP-HRQAA664" failures="0" tests="1" name="restGitHub.CreateRepo" time="4.623" errors="0" timestamp="04 Dec 2022 07:16:00 GMT" skipped="0">
  <testcase classname="restGitHub.CreateRepo" name="test1" time="4.623"/>
</testsuite> <!-- restGitHub.CreateRepo -->
