<?xml version="1.0" encoding="UTF-8"?>
<!-- Generated by org.testng.reporters.JUnitReportReporter -->
<testsuite hostname="LAPTOP-HRQAA664" failures="0" tests="1" name="restAPI.PostRequest" time="2.880" errors="0" timestamp="03 Dec 2022 07:00:20 GMT" skipped="0">
  <testcase classname="restAPI.PostRequest" name="test1" time="2.880"/>
</testsuite> <!-- restAPI.PostRequest -->
