<?xml version="1.0" encoding="UTF-8"?>
<!-- Generated by org.testng.reporters.JUnitReportReporter -->
<testsuite hostname="LAPTOP-HRQAA664" failures="0" tests="1" name="restAPI.PostRequestwithFile" time="2.636" errors="0" timestamp="04 Dec 2022 04:17:47 GMT" skipped="0">
  <testcase classname="restAPI.PostRequestwithFile" name="test1" time="2.636"/>
</testsuite> <!-- restAPI.PostRequestwithFile -->
