<?xml version="1.0" encoding="UTF-8"?>
<!-- Generated by org.testng.reporters.JUnitReportReporter -->
<testsuite hostname="LAPTOP-HRQAA664" failures="0" tests="1" name="restAPI.PostRequestwithMap" time="4.195" errors="0" timestamp="03 Dec 2022 07:17:29 GMT" skipped="0">
  <testcase classname="restAPI.PostRequestwithMap" name="test1" time="4.195"/>
</testsuite> <!-- restAPI.PostRequestwithMap -->
