<?xml version="1.0" encoding="UTF-8"?>
<!-- Generated by org.testng.reporters.JUnitReportReporter -->
<testsuite hostname="LAPTOP-HRQAA664" failures="0" tests="1" name="restAPI.PatchRequest" time="3.190" errors="0" timestamp="04 Dec 2022 04:38:12 GMT" skipped="0">
  <testcase classname="restAPI.PatchRequest" name="test1" time="3.190"/>
</testsuite> <!-- restAPI.PatchRequest -->
