<?xml version="1.0" encoding="UTF-8"?>
<!-- Generated by org.testng.reporters.JUnitReportReporter -->
<testsuite hostname="LAPTOP-HRQAA664" failures="0" tests="1" name="restAPI.GetRequest" time="3.879" errors="0" timestamp="03 Dec 2022 06:39:06 GMT" skipped="0">
  <testcase classname="restAPI.GetRequest" name="test1" time="3.879"/>
</testsuite> <!-- restAPI.GetRequest -->
